This is pdfTeX, Version 3.14159265-2.6-1.40.16 (TeX Live 2015) (preloaded format=pdflatex 2015.5.24)  9 FEB 2020 16:01
entering extended mode
 restricted \write18 enabled.
 file:line:error style messages enabled.
 %&-line parsing enabled.
**climate_20191020.tex
(./climate_20191020.tex
LaTeX2e <2015/01/01>
Babel <3.9l> and hyphenation patterns for 79 languages loaded.
(/usr/local/texlive/2015/texmf-dist/tex/latex/base/article.cls
Document Class: article 2014/09/29 v1.4h Standard LaTeX document class
(/usr/local/texlive/2015/texmf-dist/tex/latex/base/size12.clo
File: size12.clo 2014/09/29 v1.4h Standard LaTeX file (size option)
)
\c@part=\count79
\c@section=\count80
\c@subsection=\count81
\c@subsubsection=\count82
\c@paragraph=\count83
\c@subparagraph=\count84
\c@figure=\count85
\c@table=\count86
\abovecaptionskip=\skip41
\belowcaptionskip=\skip42
\bibindent=\dimen102
)
(/usr/local/texlive/2015/texmf-dist/tex/latex/graphics/epsfig.sty
Package: epsfig 1999/02/16 v1.7a (e)psfig emulation (SPQR)

(/usr/local/texlive/2015/texmf-dist/tex/latex/graphics/graphicx.sty
Package: graphicx 2014/10/28 v1.0g Enhanced LaTeX Graphics (DPC,SPQR)

(/usr/local/texlive/2015/texmf-dist/tex/latex/graphics/keyval.sty
Package: keyval 2014/10/28 v1.15 key=value parser (DPC)
\KV@toks@=\toks14
)
(/usr/local/texlive/2015/texmf-dist/tex/latex/graphics/graphics.sty
Package: graphics 2014/10/28 v1.0p Standard LaTeX Graphics (DPC,SPQR)

(/usr/local/texlive/2015/texmf-dist/tex/latex/graphics/trig.sty
Package: trig 1999/03/16 v1.09 sin cos tan (DPC)
)
(/usr/local/texlive/2015/texmf-dist/tex/latex/latexconfig/graphics.cfg
File: graphics.cfg 2010/04/23 v1.9 graphics configuration of TeX Live
)
Package graphics Info: Driver file: pdftex.def on input line 94.

(/usr/local/texlive/2015/texmf-dist/tex/latex/pdftex-def/pdftex.def
File: pdftex.def 2011/05/27 v0.06d Graphics/color for pdfTeX

(/usr/local/texlive/2015/texmf-dist/tex/generic/oberdiek/infwarerr.sty
Package: infwarerr 2010/04/08 v1.3 Providing info/warning/error messages (HO)
)
(/usr/local/texlive/2015/texmf-dist/tex/generic/oberdiek/ltxcmds.sty
Package: ltxcmds 2011/11/09 v1.22 LaTeX kernel commands for general use (HO)
)
\Gread@gobject=\count87
))
\Gin@req@height=\dimen103
\Gin@req@width=\dimen104
)
\epsfxsize=\dimen105
\epsfysize=\dimen106
)
(/usr/local/texlive/2015/texmf-dist/tex/latex/hyperref/hyperref.sty
Package: hyperref 2012/11/06 v6.83m Hypertext links for LaTeX

(/usr/local/texlive/2015/texmf-dist/tex/generic/oberdiek/hobsub-hyperref.sty
Package: hobsub-hyperref 2012/05/28 v1.13 Bundle oberdiek, subset hyperref (HO)


(/usr/local/texlive/2015/texmf-dist/tex/generic/oberdiek/hobsub-generic.sty
Package: hobsub-generic 2012/05/28 v1.13 Bundle oberdiek, subset generic (HO)
Package: hobsub 2012/05/28 v1.13 Construct package bundles (HO)
Package hobsub Info: Skipping package `infwarerr' (already loaded).
Package hobsub Info: Skipping package `ltxcmds' (already loaded).
Package: ifluatex 2010/03/01 v1.3 Provides the ifluatex switch (HO)
Package ifluatex Info: LuaTeX not detected.
Package: ifvtex 2010/03/01 v1.5 Detect VTeX and its facilities (HO)
Package ifvtex Info: VTeX not detected.
Package: intcalc 2007/09/27 v1.1 Expandable calculations with integers (HO)
Package: ifpdf 2011/01/30 v2.3 Provides the ifpdf switch (HO)
Package ifpdf Info: pdfTeX in PDF mode is detected.
Package: etexcmds 2011/02/16 v1.5 Avoid name clashes with e-TeX commands (HO)
Package etexcmds Info: Could not find \expanded.
(etexcmds)             That can mean that you are not using pdfTeX 1.50 or
(etexcmds)             that some package has redefined \expanded.
(etexcmds)             In the latter case, load this package earlier.
Package: kvsetkeys 2012/04/25 v1.16 Key value parser (HO)
Package: kvdefinekeys 2011/04/07 v1.3 Define keys (HO)
Package: pdftexcmds 2011/11/29 v0.20 Utility functions of pdfTeX for LuaTeX (HO
)
Package pdftexcmds Info: LuaTeX not detected.
Package pdftexcmds Info: \pdf@primitive is available.
Package pdftexcmds Info: \pdf@ifprimitive is available.
Package pdftexcmds Info: \pdfdraftmode found.
Package: pdfescape 2011/11/25 v1.13 Implements pdfTeX's escape features (HO)
Package: bigintcalc 2012/04/08 v1.3 Expandable calculations on big integers (HO
)
Package: bitset 2011/01/30 v1.1 Handle bit-vector datatype (HO)
Package: uniquecounter 2011/01/30 v1.2 Provide unlimited unique counter (HO)
)
Package hobsub Info: Skipping package `hobsub' (already loaded).
Package: letltxmacro 2010/09/02 v1.4 Let assignment for LaTeX macros (HO)
Package: hopatch 2012/05/28 v1.2 Wrapper for package hooks (HO)
Package: xcolor-patch 2011/01/30 xcolor patch
Package: atveryend 2011/06/30 v1.8 Hooks at the very end of document (HO)
Package atveryend Info: \enddocument detected (standard20110627).
Package: atbegshi 2011/10/05 v1.16 At begin shipout hook (HO)
Package: refcount 2011/10/16 v3.4 Data extraction from label references (HO)
Package: hycolor 2011/01/30 v1.7 Color options for hyperref/bookmark (HO)
)
(/usr/local/texlive/2015/texmf-dist/tex/generic/ifxetex/ifxetex.sty
Package: ifxetex 2010/09/12 v0.6 Provides ifxetex conditional
)
(/usr/local/texlive/2015/texmf-dist/tex/latex/oberdiek/auxhook.sty
Package: auxhook 2011/03/04 v1.3 Hooks for auxiliary files (HO)
)
(/usr/local/texlive/2015/texmf-dist/tex/latex/oberdiek/kvoptions.sty
Package: kvoptions 2011/06/30 v3.11 Key value format for package options (HO)
)
\@linkdim=\dimen107
\Hy@linkcounter=\count88
\Hy@pagecounter=\count89

(/usr/local/texlive/2015/texmf-dist/tex/latex/hyperref/pd1enc.def
File: pd1enc.def 2012/11/06 v6.83m Hyperref: PDFDocEncoding definition (HO)
)
\Hy@SavedSpaceFactor=\count90

(/usr/local/texlive/2015/texmf-dist/tex/latex/latexconfig/hyperref.cfg
File: hyperref.cfg 2002/06/06 v1.2 hyperref configuration of TeXLive
)
Package hyperref Info: Hyper figures OFF on input line 4443.
Package hyperref Info: Link nesting OFF on input line 4448.
Package hyperref Info: Hyper index ON on input line 4451.
Package hyperref Info: Plain pages OFF on input line 4458.
Package hyperref Info: Backreferencing OFF on input line 4463.
Package hyperref Info: Implicit mode ON; LaTeX internals redefined.
Package hyperref Info: Bookmarks ON on input line 4688.
\c@Hy@tempcnt=\count91

(/usr/local/texlive/2015/texmf-dist/tex/latex/url/url.sty
\Urlmuskip=\muskip10
Package: url 2013/09/16  ver 3.4  Verb mode for urls, etc.
)
LaTeX Info: Redefining \url on input line 5041.
\XeTeXLinkMargin=\dimen108
\Fld@menulength=\count92
\Field@Width=\dimen109
\Fld@charsize=\dimen110
Package hyperref Info: Hyper figures OFF on input line 6295.
Package hyperref Info: Link nesting OFF on input line 6300.
Package hyperref Info: Hyper index ON on input line 6303.
Package hyperref Info: backreferencing OFF on input line 6310.
Package hyperref Info: Link coloring OFF on input line 6315.
Package hyperref Info: Link coloring with OCG OFF on input line 6320.
Package hyperref Info: PDF/A mode OFF on input line 6325.
LaTeX Info: Redefining \ref on input line 6365.
LaTeX Info: Redefining \pageref on input line 6369.
\Hy@abspage=\count93
\c@Item=\count94
\c@Hfootnote=\count95
)

Package hyperref Message: Driver (autodetected): hpdftex.

(/usr/local/texlive/2015/texmf-dist/tex/latex/hyperref/hpdftex.def
File: hpdftex.def 2012/11/06 v6.83m Hyperref driver for pdfTeX
\Fld@listcount=\count96
\c@bookmark@seq@number=\count97

(/usr/local/texlive/2015/texmf-dist/tex/latex/oberdiek/rerunfilecheck.sty
Package: rerunfilecheck 2011/04/15 v1.7 Rerun checks for auxiliary files (HO)
Package uniquecounter Info: New unique counter `rerunfilecheck' on input line 2
82.
)
\Hy@SectionHShift=\skip43
)
(/usr/local/texlive/2015/texmf-dist/tex/latex/listings/listings.sty
\lst@mode=\count98
\lst@gtempboxa=\box26
\lst@token=\toks15
\lst@length=\count99
\lst@currlwidth=\dimen111
\lst@column=\count100
\lst@pos=\count101
\lst@lostspace=\dimen112
\lst@width=\dimen113
\lst@newlines=\count102
\lst@lineno=\count103
\lst@maxwidth=\dimen114

(/usr/local/texlive/2015/texmf-dist/tex/latex/listings/lstmisc.sty
File: lstmisc.sty 2014/09/06 1.5e (Carsten Heinz)
\c@lstnumber=\count104
\lst@skipnumbers=\count105
\lst@framebox=\box27
)
(/usr/local/texlive/2015/texmf-dist/tex/latex/listings/listings.cfg
File: listings.cfg 2014/09/06 1.5e listings configuration
))
Package: listings 2014/09/06 1.5e (Carsten Heinz)

(/usr/local/texlive/2015/texmf-dist/tex/latex/graphics/color.sty
Package: color 2014/10/28 v1.1a Standard LaTeX Color (DPC)

(/usr/local/texlive/2015/texmf-dist/tex/latex/latexconfig/color.cfg
File: color.cfg 2007/01/18 v1.5 color configuration of teTeX/TeXLive
)
Package color Info: Driver file: pdftex.def on input line 142.
)
(/usr/local/texlive/2015/texmf-dist/tex/latex/setspace/setspace.sty
Package: setspace 2011/12/19 v6.7a set line spacing
)
(./climate_20191020.aux)
\openout1 = `climate_20191020.aux'.

LaTeX Font Info:    Checking defaults for OML/cmm/m/it on input line 25.
LaTeX Font Info:    ... okay on input line 25.
LaTeX Font Info:    Checking defaults for T1/cmr/m/n on input line 25.
LaTeX Font Info:    ... okay on input line 25.
LaTeX Font Info:    Checking defaults for OT1/cmr/m/n on input line 25.
LaTeX Font Info:    ... okay on input line 25.
LaTeX Font Info:    Checking defaults for OMS/cmsy/m/n on input line 25.
LaTeX Font Info:    ... okay on input line 25.
LaTeX Font Info:    Checking defaults for OMX/cmex/m/n on input line 25.
LaTeX Font Info:    ... okay on input line 25.
LaTeX Font Info:    Checking defaults for U/cmr/m/n on input line 25.
LaTeX Font Info:    ... okay on input line 25.
LaTeX Font Info:    Checking defaults for PD1/pdf/m/n on input line 25.
LaTeX Font Info:    ... okay on input line 25.

(/usr/local/texlive/2015/texmf-dist/tex/context/base/supp-pdf.mkii
[Loading MPS to PDF converter (version 2006.09.02).]
\scratchcounter=\count106
\scratchdimen=\dimen115
\scratchbox=\box28
\nofMPsegments=\count107
\nofMParguments=\count108
\everyMPshowfont=\toks16
\MPscratchCnt=\count109
\MPscratchDim=\dimen116
\MPnumerator=\count110
\makeMPintoPDFobject=\count111
\everyMPtoPDFconversion=\toks17
) (/usr/local/texlive/2015/texmf-dist/tex/latex/oberdiek/epstopdf-base.sty
Package: epstopdf-base 2010/02/09 v2.5 Base part for package epstopdf

(/usr/local/texlive/2015/texmf-dist/tex/latex/oberdiek/grfext.sty
Package: grfext 2010/08/19 v1.1 Manage graphics extensions (HO)
)
Package grfext Info: Graphics extension search list:
(grfext)             [.png,.pdf,.jpg,.mps,.jpeg,.jbig2,.jb2,.PNG,.PDF,.JPG,.JPE
G,.JBIG2,.JB2,.eps]
(grfext)             \AppendGraphicsExtensions on input line 452.

(/usr/local/texlive/2015/texmf-dist/tex/latex/latexconfig/epstopdf-sys.cfg
File: epstopdf-sys.cfg 2010/07/13 v1.3 Configuration of (r)epstopdf for TeX Liv
e
))
\AtBeginShipoutBox=\box29
Package hyperref Info: Link coloring OFF on input line 25.

(/usr/local/texlive/2015/texmf-dist/tex/latex/hyperref/nameref.sty
Package: nameref 2012/10/27 v2.43 Cross-referencing by name of section

(/usr/local/texlive/2015/texmf-dist/tex/generic/oberdiek/gettitlestring.sty
Package: gettitlestring 2010/12/03 v1.4 Cleanup title references (HO)
)
\c@section@level=\count112
)
LaTeX Info: Redefining \ref on input line 25.
LaTeX Info: Redefining \pageref on input line 25.
LaTeX Info: Redefining \nameref on input line 25.

(./climate_20191020.out) (./climate_20191020.out)
\@outlinefile=\write3
\openout3 = `climate_20191020.out'.

\c@lstlisting=\count113
LaTeX Font Info:    External font `cmex10' loaded for size
(Font)              <14.4> on input line 33.
LaTeX Font Info:    External font `cmex10' loaded for size
(Font)              <7> on input line 33.
LaTeX Font Info:    External font `cmex10' loaded for size
(Font)              <10.95> on input line 35.
LaTeX Font Info:    External font `cmex10' loaded for size
(Font)              <8> on input line 35.
LaTeX Font Info:    External font `cmex10' loaded for size
(Font)              <6> on input line 35.
LaTeX Font Info:    External font `cmex10' loaded for size
(Font)              <12> on input line 51.

Overfull \hbox (36.12317pt too wide) in paragraph at lines 51--52
\OT1/cmr/m/n/12 down-loaded from the ap-pro-pri-ate ``Par-tic-i-pant list" from
 [][]in-dico.belle2.org[][] or [][]kds.kek.jp/indico[][]. 
 []

[1

{/usr/local/texlive/2015/texmf-var/fonts/map/pdftex/updmap/pdftex.map}]
<../FIGURES/all_legs.pdf, id=32, 578.16pt x 433.62pt>
File: ../FIGURES/all_legs.pdf Graphic file (type pdf)

<use ../FIGURES/all_legs.pdf>
Package pdftex.def Info: ../FIGURES/all_legs.pdf used on input line 75.
(pdftex.def)             Requested size: 441.01772pt x 330.75882pt.
 [2 <../FIGURES/all_legs.pdf>]

LaTeX Warning: Reference `fig:Shifts_part' on page 3 undefined on input line 89
.

(../FIGURES/B2GM_table.tex
Overfull \hbox (34.9155pt too wide) in paragraph at lines 4--32
 [] 
 []

) (../FIGURES/Shifts_table.tex
Overfull \hbox (72.04704pt too wide) in paragraph at lines 4--17
 [] 
 []

) <../FIGURES/B2GM_Participants.pdf, id=91, 578.16pt x 433.62pt>
File: ../FIGURES/B2GM_Participants.pdf Graphic file (type pdf)

<use ../FIGURES/B2GM_Participants.pdf>
Package pdftex.def Info: ../FIGURES/B2GM_Participants.pdf used on input line 10
1.
(pdftex.def)             Requested size: 441.01772pt x 330.75882pt.

<../FIGURES/B2GM_Fares.pdf, id=92, 578.16pt x 433.62pt>
File: ../FIGURES/B2GM_Fares.pdf Graphic file (type pdf)

<use ../FIGURES/B2GM_Fares.pdf>
Package pdftex.def Info: ../FIGURES/B2GM_Fares.pdf used on input line 109.
(pdftex.def)             Requested size: 441.01772pt x 330.75882pt.

<../FIGURES/B2GM_CO2.pdf, id=93, 578.16pt x 433.62pt>
File: ../FIGURES/B2GM_CO2.pdf Graphic file (type pdf)

<use ../FIGURES/B2GM_CO2.pdf>
Package pdftex.def Info: ../FIGURES/B2GM_CO2.pdf used on input line 117.
(pdftex.def)             Requested size: 441.01772pt x 330.75882pt.

<../FIGURES/B2GM_r-t.pdf, id=94, 578.16pt x 433.62pt>
File: ../FIGURES/B2GM_r-t.pdf Graphic file (type pdf)

<use ../FIGURES/B2GM_r-t.pdf>
Package pdftex.def Info: ../FIGURES/B2GM_r-t.pdf used on input line 125.
(pdftex.def)             Requested size: 441.01772pt x 330.75882pt.

<../FIGURES/Shifts_Shifters.pdf, id=95, 578.16pt x 433.62pt>
File: ../FIGURES/Shifts_Shifters.pdf Graphic file (type pdf)

<use ../FIGURES/Shifts_Shifters.pdf>
Package pdftex.def Info: ../FIGURES/Shifts_Shifters.pdf used on input line 133.

(pdftex.def)             Requested size: 441.01772pt x 330.75882pt.

<../FIGURES/Shifts_Fares.pdf, id=96, 578.16pt x 433.62pt>
File: ../FIGURES/Shifts_Fares.pdf Graphic file (type pdf)

<use ../FIGURES/Shifts_Fares.pdf>
Package pdftex.def Info: ../FIGURES/Shifts_Fares.pdf used on input line 141.
(pdftex.def)             Requested size: 441.01772pt x 330.75882pt.

<../FIGURES/Shifts_CO2.pdf, id=97, 578.16pt x 433.62pt>
File: ../FIGURES/Shifts_CO2.pdf Graphic file (type pdf)

<use ../FIGURES/Shifts_CO2.pdf>
Package pdftex.def Info: ../FIGURES/Shifts_CO2.pdf used on input line 149.
(pdftex.def)             Requested size: 441.01772pt x 330.75882pt.

<../FIGURES/Shifts_r-t.pdf, id=98, 578.16pt x 433.62pt>
File: ../FIGURES/Shifts_r-t.pdf Graphic file (type pdf)

<use ../FIGURES/Shifts_r-t.pdf>
Package pdftex.def Info: ../FIGURES/Shifts_r-t.pdf used on input line 157.
(pdftex.def)             Requested size: 441.01772pt x 330.75882pt.
Package atveryend Info: Empty hook `BeforeClearDocument' on input line 165.
 [3] [4 <../FIGURES/B2GM_Participants.pdf>]
[5 <../FIGURES/B2GM_Fares.pdf>] [6 <../FIGURES/B2GM_CO2.pdf>] [7 <../FIGURES/B2
GM_r-t.pdf>] [8 <../FIGURES/Shifts_Shifters.pdf>] [9 <../FIGURES/Shifts_Fares.p
df>] [10 <../FIGURES/Shifts_CO2.pdf>] [11 <../FIGURES/Shifts_r-t.pdf>]
Package atveryend Info: Empty hook `AfterLastShipout' on input line 165.

(./climate_20191020.aux)
Package atveryend Info: Executing hook `AtVeryEndDocument' on input line 165.
Package atveryend Info: Executing hook `AtEndAfterFileList' on input line 165.
Package rerunfilecheck Info: File `climate_20191020.out' has not changed.
(rerunfilecheck)             Checksum: 0B084F8EEAE5E9D20150805203468955;93.


LaTeX Warning: There were undefined references.

Package atveryend Info: Empty hook `AtVeryVeryEnd' on input line 165.
 ) 
Here is how much of TeX's memory you used:
 6436 strings out of 493089
 96670 string characters out of 6134842
 199079 words of memory out of 5000000
 9843 multiletter control sequences out of 15000+600000
 10077 words of font info for 35 fonts, out of 8000000 for 9000
 1141 hyphenation exceptions out of 8191
 34i,9n,32p,441b,324s stack positions out of 5000i,500n,10000p,200000b,80000s
</usr/local/texlive/2015/texmf-dist/fonts/type1/public/amsfonts/cm/cmbx10.pfb
></usr/local/texlive/2015/texmf-dist/fonts/type1/public/amsfonts/cm/cmbx12.pfb>
</usr/local/texlive/2015/texmf-dist/fonts/type1/public/amsfonts/cm/cmr10.pfb></
usr/local/texlive/2015/texmf-dist/fonts/type1/public/amsfonts/cm/cmr12.pfb></us
r/local/texlive/2015/texmf-dist/fonts/type1/public/amsfonts/cm/cmr17.pfb></usr/
local/texlive/2015/texmf-dist/fonts/type1/public/amsfonts/cm/cmr8.pfb></usr/loc
al/texlive/2015/texmf-dist/fonts/type1/public/amsfonts/cm/cmsl12.pfb>
Output written on climate_20191020.pdf (11 pages, 203110 bytes).
PDF statistics:
 533 PDF objects out of 1000 (max. 8388607)
 159 compressed objects within 2 object streams
 25 named destinations out of 1000 (max. 500000)
 62 words of extra memory for PDF output out of 10000 (max. 10000000)

